<?xml version="1.0" encoding="UTF-8"?>
<testng-results skipped="0" failed="0" ignored="0" total="1" passed="1">
  <reporter-output>
  </reporter-output>
  <suite name="Default suite" duration-ms="112" started-at="2019-12-29T05:22:12Z" finished-at="2019-12-29T05:22:12Z">
    <groups>
    </groups>
    <test name="Default test" duration-ms="112" started-at="2019-12-29T05:22:12Z" finished-at="2019-12-29T05:22:12Z">
      <class name="TestPage.Home">
        <test-method status="PASS" signature="verify()[pri:0, instance:TestPage.Home@18a00e3]" name="verify" duration-ms="38" started-at="2019-12-29T05:22:12Z" finished-at="2019-12-29T05:22:12Z">
          <reporter-output>
          </reporter-output>
        </test-method> <!-- verify -->
      </class> <!-- TestPage.Home -->
    </test> <!-- Default test -->
  </suite> <!-- Default suite -->
</testng-results>
